<?xml version="1.0" encoding="UTF-8"?>
<testng-results skipped="0" failed="0" ignored="0" total="1" passed="1">
  <reporter-output>
  </reporter-output>
  <suite name="Suite" duration-ms="68" started-at="2023-03-23T08:01:15 IST" finished-at="2023-03-23T08:01:15 IST">
    <groups>
      <group name="Smoke">
        <method signature="TestNGTests.testCase1(java.lang.String)[pri:0, instance:com.tests.TestNGTests@2d6eabae]" name="testCase1" class="com.tests.TestNGTests"/>
      </group> <!-- Smoke -->
    </groups>
    <test name="Test" duration-ms="68" started-at="2023-03-23T08:01:15 IST" finished-at="2023-03-23T08:01:15 IST">
      <class name="com.tests.TestNGTests">
        <test-method status="PASS" signature="testCase1(java.lang.String)[pri:0, instance:com.tests.TestNGTests@2d6eabae]" name="testCase1" duration-ms="11" started-at="2023-03-23T08:01:15 IST" finished-at="2023-03-23T08:01:15 IST">
          <params>
            <param index="0">
              <value>
                <![CDATA[Hello]]>
              </value>
            </param>
          </params>
          <reporter-output>
          </reporter-output>
        </test-method> <!-- testCase1 -->
      </class> <!-- com.tests.TestNGTests -->
    </test> <!-- Test -->
  </suite> <!-- Suite -->
</testng-results>
